<?xml version="1.0" encoding="UTF-8"?>
<!-- Generated by org.testng.reporters.JUnitReportReporter -->
<testsuite hostname="keerthana" failures="0" tests="1" name="yatra.task" time="63.714" errors="0" timestamp="2023-04-19T12:40:47 IST" skipped="0">
  <testcase classname="yatra.task" name="f" time="63.714"/>
  <system-out/>
</testsuite> <!-- yatra.task -->
